<?xml version="1.0" encoding="UTF-8"?>
<testng-results ignored="0" total="1" passed="1" failed="0" skipped="0">
  <reporter-output>
  </reporter-output>
  <suite started-at="2026-02-18T11:08:33 IST" name="Default suite" finished-at="2026-02-18T11:08:39 IST" duration-ms="5762">
    <groups>
    </groups>
    <test started-at="2026-02-18T11:08:33 IST" name="Default test" finished-at="2026-02-18T11:08:39 IST" duration-ms="5762">
      <class name="ExtentReports.ToLearnScreenshots">
        <test-method signature="addScreenshot()[pri:0, instance:ExtentReports.ToLearnScreenshots@5e0e82ae]" started-at="2026-02-18T11:08:33 IST" name="addScreenshot" finished-at="2026-02-18T11:08:39 IST" duration-ms="5715" status="PASS">
          <reporter-output>
          </reporter-output>
        </test-method> <!-- addScreenshot -->
      </class> <!-- ExtentReports.ToLearnScreenshots -->
    </test> <!-- Default test -->
  </suite> <!-- Default suite -->
</testng-results>
